<!DOCTYPE html>
<html>
<head>
<meta http-equiv="Content-Type" content="text/html; charset=utf-8"/>
<meta http-equiv="x-ua-compatible" content="IE=edge"/>
<title>Test results - ProductControllerSaveTest</title>
<link href="../css/base-style.css" rel="stylesheet" type="text/css"/>
<link href="../css/style.css" rel="stylesheet" type="text/css"/>
<script src="../js/report.js" type="text/javascript"></script>
</head>
<body>
<div id="content">
<h1>ProductControllerSaveTest</h1>
<div class="breadcrumbs">
<a href="../index.html">all</a> &gt; 
<a href="../packages/br.com.blz.testjava.api.controller.product.html">br.com.blz.testjava.api.controller.product</a> &gt; ProductControllerSaveTest</div>
<div id="summary">
<table>
<tr>
<td>
<div class="summaryGroup">
<table>
<tr>
<td>
<div class="infoBox" id="tests">
<div class="counter">12</div>
<p>tests</p>
</div>
</td>
<td>
<div class="infoBox" id="failures">
<div class="counter">0</div>
<p>failures</p>
</div>
</td>
<td>
<div class="infoBox" id="ignored">
<div class="counter">0</div>
<p>ignored</p>
</div>
</td>
<td>
<div class="infoBox" id="duration">
<div class="counter">0.240s</div>
<p>duration</p>
</div>
</td>
</tr>
</table>
</div>
</td>
<td>
<div class="infoBox success" id="successRate">
<div class="percent">100%</div>
<p>successful</p>
</div>
</td>
</tr>
</table>
</div>
<div id="tabs">
<ul class="tabLinks">
<li>
<a href="#tab0">Tests</a>
</li>
<li>
<a href="#tab1">Standard output</a>
</li>
</ul>
<div id="tab0" class="tab">
<h2>Tests</h2>
<table>
<thead>
<tr>
<th>Test</th>
<th>Method name</th>
<th>Duration</th>
<th>Result</th>
</tr>
</thead>
<tr>
<td class="success">[1] request=ProductInsertRequest(sku=null, name=Azeitonas, inventory=br.com.blz.testjava.api.controller.request.insert.ProductInventoryInsertRequest@3debd142), fieldWithError=sku</td>
<td class="success">When request has constraint violation Then return bad request(ProductInsertRequest, String)[1]</td>
<td class="success">0.056s</td>
<td class="success">passed</td>
</tr>
<tr>
<td class="success">[2] request=ProductInsertRequest(sku=-3360415468239054848, name=Cardamomo, inventory=br.com.blz.testjava.api.controller.request.insert.ProductInventoryInsertRequest@70abe2e2), fieldWithError=sku</td>
<td class="success">When request has constraint violation Then return bad request(ProductInsertRequest, String)[2]</td>
<td class="success">0.018s</td>
<td class="success">passed</td>
</tr>
<tr>
<td class="success">[3] request=ProductInsertRequest(sku=20, name=null, inventory=br.com.blz.testjava.api.controller.request.insert.ProductInventoryInsertRequest@2f0ebeec), fieldWithError=name</td>
<td class="success">When request has constraint violation Then return bad request(ProductInsertRequest, String)[3]</td>
<td class="success">0.015s</td>
<td class="success">passed</td>
</tr>
<tr>
<td class="success">[4] request=ProductInsertRequest(sku=21, name=Manjerona, inventory=br.com.blz.testjava.api.controller.request.insert.ProductInventoryInsertRequest@6119a4d3), fieldWithError=inventory.warehouses[0].locality</td>
<td class="success">When request has constraint violation Then return bad request(ProductInsertRequest, String)[4]</td>
<td class="success">0.017s</td>
<td class="success">passed</td>
</tr>
<tr>
<td class="success">[5] request=ProductInsertRequest(sku=22, name=Alecrim, inventory=br.com.blz.testjava.api.controller.request.insert.ProductInventoryInsertRequest@12dce897), fieldWithError=inventory.warehouses[0].quantity</td>
<td class="success">When request has constraint violation Then return bad request(ProductInsertRequest, String)[5]</td>
<td class="success">0.014s</td>
<td class="success">passed</td>
</tr>
<tr>
<td class="success">[6] request=ProductInsertRequest(sku=23, name=Queijo Provolone, inventory=br.com.blz.testjava.api.controller.request.insert.ProductInventoryInsertRequest@370ed0d6), fieldWithError=inventory.warehouses[0].quantity</td>
<td class="success">When request has constraint violation Then return bad request(ProductInsertRequest, String)[6]</td>
<td class="success">0.015s</td>
<td class="success">passed</td>
</tr>
<tr>
<td class="success">[7] request=ProductInsertRequest(sku=24, name=Soro De Leite, inventory=br.com.blz.testjava.api.controller.request.insert.ProductInventoryInsertRequest@731da520), fieldWithError=inventory.warehouses[0].type</td>
<td class="success">When request has constraint violation Then return bad request(ProductInsertRequest, String)[7]</td>
<td class="success">0.012s</td>
<td class="success">passed</td>
</tr>
<tr>
<td class="success">When sku in Use throw a error()</td>
<td class="success">When sku in Use throw a error()</td>
<td class="success">0.023s</td>
<td class="success">passed</td>
</tr>
<tr>
<td class="success">save test()</td>
<td class="success">save test()</td>
<td class="success">0.036s</td>
<td class="success">passed</td>
</tr>
<tr>
<td class="success">[1] request=ProductInsertRequest(sku=26, name=Vinho, inventory=null)</td>
<td class="success">when has no warehouse quantity then is not marketable and inventory quantity is zero(ProductInsertRequest)[1]</td>
<td class="success">0.011s</td>
<td class="success">passed</td>
</tr>
<tr>
<td class="success">[2] request=ProductInsertRequest(sku=27, name=Lemongrass, inventory=br.com.blz.testjava.api.controller.request.insert.ProductInventoryInsertRequest@7eaca8fa)</td>
<td class="success">when has no warehouse quantity then is not marketable and inventory quantity is zero(ProductInsertRequest)[2]</td>
<td class="success">0.012s</td>
<td class="success">passed</td>
</tr>
<tr>
<td class="success">[3] request=ProductInsertRequest(sku=28, name=Sábio, inventory=br.com.blz.testjava.api.controller.request.insert.ProductInventoryInsertRequest@1f2348d6)</td>
<td class="success">when has no warehouse quantity then is not marketable and inventory quantity is zero(ProductInsertRequest)[3]</td>
<td class="success">0.011s</td>
<td class="success">passed</td>
</tr>
</table>
</div>
<div id="tab1" class="tab">
<h2>Standard output</h2>
<span class="code">
<pre>2021-07-04 14:24:54.372  INFO 15830 --- [    Test worker] o.s.t.c.support.AbstractContextLoader    : Could not detect default resource locations for test class [br.com.blz.testjava.api.controller.product.ProductControllerSaveTest]: no resource found for suffixes {-context.xml, Context.groovy}.
2021-07-04 14:24:54.373  INFO 15830 --- [    Test worker] o.s.t.c.support.AbstractContextLoader    : Could not detect default resource locations for test class [br.com.blz.testjava.api.controller.AbstractControllerTestWithBody]: no resource found for suffixes {-context.xml, Context.groovy}.
2021-07-04 14:24:54.378  INFO 15830 --- [    Test worker] b.t.a.w.r.WebFluxTestContextBootstrapper : Loaded default TestExecutionListener class names from location [META-INF/spring.factories]: [org.springframework.boot.test.autoconfigure.restdocs.RestDocsTestExecutionListener, org.springframework.boot.test.autoconfigure.web.client.MockRestServiceServerResetTestExecutionListener, org.springframework.boot.test.autoconfigure.web.servlet.MockMvcPrintOnlyOnFailureTestExecutionListener, org.springframework.boot.test.autoconfigure.web.servlet.WebDriverTestExecutionListener, org.springframework.boot.test.autoconfigure.webservices.client.MockWebServiceServerTestExecutionListener, org.springframework.boot.test.mock.mockito.MockitoTestExecutionListener, org.springframework.boot.test.mock.mockito.ResetMocksTestExecutionListener, org.springframework.test.context.web.ServletTestExecutionListener, org.springframework.test.context.support.DirtiesContextBeforeModesTestExecutionListener, org.springframework.test.context.event.ApplicationEventsTestExecutionListener, org.springframework.test.context.support.DependencyInjectionTestExecutionListener, org.springframework.test.context.support.DirtiesContextTestExecutionListener, org.springframework.test.context.transaction.TransactionalTestExecutionListener, org.springframework.test.context.jdbc.SqlScriptsTestExecutionListener, org.springframework.test.context.event.EventPublishingTestExecutionListener]
2021-07-04 14:24:54.380  INFO 15830 --- [    Test worker] b.t.a.w.r.WebFluxTestContextBootstrapper : Using TestExecutionListeners: [org.springframework.test.context.support.DirtiesContextBeforeModesTestExecutionListener@430f101b, org.springframework.test.context.event.ApplicationEventsTestExecutionListener@1143a7d6, org.springframework.boot.test.mock.mockito.MockitoTestExecutionListener@4c1a122b, org.springframework.boot.test.autoconfigure.SpringBootDependencyInjectionTestExecutionListener@4c0e79d6, org.springframework.test.context.support.DirtiesContextTestExecutionListener@773a2784, org.springframework.test.context.event.EventPublishingTestExecutionListener@7bcb43a2, org.springframework.boot.test.autoconfigure.restdocs.RestDocsTestExecutionListener@67dc9dba, org.springframework.boot.test.autoconfigure.web.client.MockRestServiceServerResetTestExecutionListener@58a3985e, org.springframework.boot.test.autoconfigure.web.servlet.MockMvcPrintOnlyOnFailureTestExecutionListener@7e0382c9, org.springframework.boot.test.autoconfigure.web.servlet.WebDriverTestExecutionListener@5f7408f8, org.springframework.boot.test.autoconfigure.webservices.client.MockWebServiceServerTestExecutionListener@5cc66fe1, org.springframework.boot.test.mock.mockito.ResetMocksTestExecutionListener@18636d4f]
2021-07-04 14:24:54.540 ERROR 15830 --- [     parallel-7] b.c.b.t.a.e.ControllerExceptionHandler   : === WebExchangeBindException -&gt; Validation failed for argument at index 0 in method: public reactor.core.publisher.Mono&lt;br.com.blz.testjava.api.controller.response.inserted.ProductInsertedResponse&gt; br.com.blz.testjava.api.controller.ProductController.save(br.com.blz.testjava.api.controller.request.insert.ProductInsertRequest), with 1 error(s): [Field error in object 'productInsertRequest' on field 'sku': rejected value [null]; codes [NotNull.productInsertRequest.sku,NotNull.sku,NotNull.java.lang.Long,NotNull]; arguments [org.springframework.context.support.DefaultMessageSourceResolvable: codes [productInsertRequest.sku,sku]; arguments []; default message [sku]]; default message [não deve ser nulo]] 
2021-07-04 14:24:54.560 ERROR 15830 --- [     parallel-8] b.c.b.t.a.e.ControllerExceptionHandler   : === WebExchangeBindException -&gt; Validation failed for argument at index 0 in method: public reactor.core.publisher.Mono&lt;br.com.blz.testjava.api.controller.response.inserted.ProductInsertedResponse&gt; br.com.blz.testjava.api.controller.ProductController.save(br.com.blz.testjava.api.controller.request.insert.ProductInsertRequest), with 1 error(s): [Field error in object 'productInsertRequest' on field 'sku': rejected value [-3360415468239054848]; codes [Positive.productInsertRequest.sku,Positive.sku,Positive.java.lang.Long,Positive]; arguments [org.springframework.context.support.DefaultMessageSourceResolvable: codes [productInsertRequest.sku,sku]; arguments []; default message [sku]]; default message [deve ser maior que 0]] 
2021-07-04 14:24:54.579 ERROR 15830 --- [     parallel-1] b.c.b.t.a.e.ControllerExceptionHandler   : === WebExchangeBindException -&gt; Validation failed for argument at index 0 in method: public reactor.core.publisher.Mono&lt;br.com.blz.testjava.api.controller.response.inserted.ProductInsertedResponse&gt; br.com.blz.testjava.api.controller.ProductController.save(br.com.blz.testjava.api.controller.request.insert.ProductInsertRequest), with 1 error(s): [Field error in object 'productInsertRequest' on field 'name': rejected value [null]; codes [NotBlank.productInsertRequest.name,NotBlank.name,NotBlank.java.lang.String,NotBlank]; arguments [org.springframework.context.support.DefaultMessageSourceResolvable: codes [productInsertRequest.name,name]; arguments []; default message [name]]; default message [não deve estar em branco]] 
2021-07-04 14:24:54.600 ERROR 15830 --- [     parallel-2] b.c.b.t.a.e.ControllerExceptionHandler   : === WebExchangeBindException -&gt; Validation failed for argument at index 0 in method: public reactor.core.publisher.Mono&lt;br.com.blz.testjava.api.controller.response.inserted.ProductInsertedResponse&gt; br.com.blz.testjava.api.controller.ProductController.save(br.com.blz.testjava.api.controller.request.insert.ProductInsertRequest), with 1 error(s): [Field error in object 'productInsertRequest' on field 'inventory.warehouses[0].locality': rejected value [null]; codes [NotBlank.productInsertRequest.inventory.warehouses[0].locality,NotBlank.productInsertRequest.inventory.warehouses.locality,NotBlank.inventory.warehouses[0].locality,NotBlank.inventory.warehouses.locality,NotBlank.locality,NotBlank.java.lang.String,NotBlank]; arguments [org.springframework.context.support.DefaultMessageSourceResolvable: codes [productInsertRequest.inventory.warehouses[0].locality,inventory.warehouses[0].locality]; arguments []; default message [inventory.warehouses[0].locality]]; default message [não deve estar em branco]] 
2021-07-04 14:24:54.617 ERROR 15830 --- [     parallel-3] b.c.b.t.a.e.ControllerExceptionHandler   : === WebExchangeBindException -&gt; Validation failed for argument at index 0 in method: public reactor.core.publisher.Mono&lt;br.com.blz.testjava.api.controller.response.inserted.ProductInsertedResponse&gt; br.com.blz.testjava.api.controller.ProductController.save(br.com.blz.testjava.api.controller.request.insert.ProductInsertRequest), with 1 error(s): [Field error in object 'productInsertRequest' on field 'inventory.warehouses[0].quantity': rejected value [-4217530251648794624]; codes [PositiveOrZero.productInsertRequest.inventory.warehouses[0].quantity,PositiveOrZero.productInsertRequest.inventory.warehouses.quantity,PositiveOrZero.inventory.warehouses[0].quantity,PositiveOrZero.inventory.warehouses.quantity,PositiveOrZero.quantity,PositiveOrZero.java.lang.Long,PositiveOrZero]; arguments [org.springframework.context.support.DefaultMessageSourceResolvable: codes [productInsertRequest.inventory.warehouses[0].quantity,inventory.warehouses[0].quantity]; arguments []; default message [inventory.warehouses[0].quantity]]; default message [deve ser maior ou igual a 0]] 
2021-07-04 14:24:54.633 ERROR 15830 --- [     parallel-4] b.c.b.t.a.e.ControllerExceptionHandler   : === WebExchangeBindException -&gt; Validation failed for argument at index 0 in method: public reactor.core.publisher.Mono&lt;br.com.blz.testjava.api.controller.response.inserted.ProductInsertedResponse&gt; br.com.blz.testjava.api.controller.ProductController.save(br.com.blz.testjava.api.controller.request.insert.ProductInsertRequest), with 1 error(s): [Field error in object 'productInsertRequest' on field 'inventory.warehouses[0].quantity': rejected value [null]; codes [NotNull.productInsertRequest.inventory.warehouses[0].quantity,NotNull.productInsertRequest.inventory.warehouses.quantity,NotNull.inventory.warehouses[0].quantity,NotNull.inventory.warehouses.quantity,NotNull.quantity,NotNull.java.lang.Long,NotNull]; arguments [org.springframework.context.support.DefaultMessageSourceResolvable: codes [productInsertRequest.inventory.warehouses[0].quantity,inventory.warehouses[0].quantity]; arguments []; default message [inventory.warehouses[0].quantity]]; default message [não deve ser nulo]] 
2021-07-04 14:24:54.647 ERROR 15830 --- [     parallel-5] b.c.b.t.a.e.ControllerExceptionHandler   : === WebExchangeBindException -&gt; Validation failed for argument at index 0 in method: public reactor.core.publisher.Mono&lt;br.com.blz.testjava.api.controller.response.inserted.ProductInsertedResponse&gt; br.com.blz.testjava.api.controller.ProductController.save(br.com.blz.testjava.api.controller.request.insert.ProductInsertRequest), with 1 error(s): [Field error in object 'productInsertRequest' on field 'inventory.warehouses[0].type': rejected value [null]; codes [NotNull.productInsertRequest.inventory.warehouses[0].type,NotNull.productInsertRequest.inventory.warehouses.type,NotNull.inventory.warehouses[0].type,NotNull.inventory.warehouses.type,NotNull.type,NotNull.br.com.blz.testjava.domain.model.type.WarehousesType,NotNull]; arguments [org.springframework.context.support.DefaultMessageSourceResolvable: codes [productInsertRequest.inventory.warehouses[0].type,inventory.warehouses[0].type]; arguments []; default message [inventory.warehouses[0].type]]; default message [não deve ser nulo]] 
2021-07-04 14:24:54.675  INFO 15830 --- [     parallel-6] b.c.b.t.a.controller.ProductController   : ==== insert a new product [ProductInsertRequest(sku=25, name=Pão Da Montanha, inventory=br.com.blz.testjava.api.controller.request.insert.ProductInventoryInsertRequest@36c75260)]
2021-07-04 14:24:54.702  INFO 15830 --- [     parallel-7] b.c.b.t.a.controller.ProductController   : ==== insert a new product [ProductInsertRequest(sku=26, name=Vinho, inventory=null)]
2021-07-04 14:24:54.714  INFO 15830 --- [     parallel-8] b.c.b.t.a.controller.ProductController   : ==== insert a new product [ProductInsertRequest(sku=27, name=Lemongrass, inventory=br.com.blz.testjava.api.controller.request.insert.ProductInventoryInsertRequest@5af490fd)]
2021-07-04 14:24:54.728  INFO 15830 --- [     parallel-1] b.c.b.t.a.controller.ProductController   : ==== insert a new product [ProductInsertRequest(sku=28, name=Sábio, inventory=br.com.blz.testjava.api.controller.request.insert.ProductInventoryInsertRequest@70558db2)]
2021-07-04 14:24:54.744  INFO 15830 --- [     parallel-2] b.c.b.t.a.controller.ProductController   : ==== insert a new product [ProductInsertRequest(sku=29, name=Grão-De-Bico, inventory=br.com.blz.testjava.api.controller.request.insert.ProductInventoryInsertRequest@7a9ec1c8)]
2021-07-04 14:24:54.748 ERROR 15830 --- [     parallel-2] b.c.b.t.a.e.ControllerExceptionHandler   : === ConflictException

br.com.blz.testjava.domain.exception.ConflictException: 
	at br.com.blz.testjava.api.controller.product.ProductControllerSaveTest.When sku in Use throw a error(ProductControllerSaveTest.kt:103) ~[test/:na]
	Suppressed: reactor.core.publisher.FluxOnAssembly$OnAssemblyException: 
Error has been observed at the following site(s):
	|_ checkpoint ⇢ Handler br.com.blz.testjava.api.controller.ProductController#save(ProductInsertRequest) [DispatcherHandler]
Stack trace:
		at br.com.blz.testjava.api.controller.product.ProductControllerSaveTest.When sku in Use throw a error(ProductControllerSaveTest.kt:103) ~[test/:na]
		at java.base/jdk.internal.reflect.NativeMethodAccessorImpl.invoke0(Native Method) ~[na:na]
		at java.base/jdk.internal.reflect.NativeMethodAccessorImpl.invoke(NativeMethodAccessorImpl.java:62) ~[na:na]
		at java.base/jdk.internal.reflect.DelegatingMethodAccessorImpl.invoke(DelegatingMethodAccessorImpl.java:43) ~[na:na]
		at java.base/java.lang.reflect.Method.invoke(Method.java:566) ~[na:na]
		at org.junit.platform.commons.util.ReflectionUtils.invokeMethod(ReflectionUtils.java:688) ~[junit-platform-commons-1.7.2.jar:1.7.2]
		at org.junit.jupiter.engine.execution.MethodInvocation.proceed(MethodInvocation.java:60) ~[junit-jupiter-engine-5.7.2.jar:5.7.2]
		at org.junit.jupiter.engine.execution.InvocationInterceptorChain$ValidatingInvocation.proceed(InvocationInterceptorChain.java:131) ~[junit-jupiter-engine-5.7.2.jar:5.7.2]
		at org.junit.jupiter.engine.extension.TimeoutExtension.intercept(TimeoutExtension.java:149) ~[junit-jupiter-engine-5.7.2.jar:5.7.2]
		at org.junit.jupiter.engine.extension.TimeoutExtension.interceptTestableMethod(TimeoutExtension.java:140) ~[junit-jupiter-engine-5.7.2.jar:5.7.2]
		at org.junit.jupiter.engine.extension.TimeoutExtension.interceptTestMethod(TimeoutExtension.java:84) ~[junit-jupiter-engine-5.7.2.jar:5.7.2]
		at org.junit.jupiter.engine.execution.ExecutableInvoker$ReflectiveInterceptorCall.lambda$ofVoidMethod$0(ExecutableInvoker.java:115) ~[junit-jupiter-engine-5.7.2.jar:5.7.2]
		at org.junit.jupiter.engine.execution.ExecutableInvoker.lambda$invoke$0(ExecutableInvoker.java:105) ~[junit-jupiter-engine-5.7.2.jar:5.7.2]
		at org.junit.jupiter.engine.execution.InvocationInterceptorChain$InterceptedInvocation.proceed(InvocationInterceptorChain.java:106) ~[junit-jupiter-engine-5.7.2.jar:5.7.2]
		at org.junit.jupiter.engine.execution.InvocationInterceptorChain.proceed(InvocationInterceptorChain.java:64) ~[junit-jupiter-engine-5.7.2.jar:5.7.2]
		at org.junit.jupiter.engine.execution.InvocationInterceptorChain.chainAndInvoke(InvocationInterceptorChain.java:45) ~[junit-jupiter-engine-5.7.2.jar:5.7.2]
		at org.junit.jupiter.engine.execution.InvocationInterceptorChain.invoke(InvocationInterceptorChain.java:37) ~[junit-jupiter-engine-5.7.2.jar:5.7.2]
		at org.junit.jupiter.engine.execution.ExecutableInvoker.invoke(ExecutableInvoker.java:104) ~[junit-jupiter-engine-5.7.2.jar:5.7.2]
		at org.junit.jupiter.engine.execution.ExecutableInvoker.invoke(ExecutableInvoker.java:98) ~[junit-jupiter-engine-5.7.2.jar:5.7.2]
		at org.junit.jupiter.engine.descriptor.TestMethodTestDescriptor.lambda$invokeTestMethod$6(TestMethodTestDescriptor.java:210) ~[junit-jupiter-engine-5.7.2.jar:5.7.2]
		at org.junit.platform.engine.support.hierarchical.ThrowableCollector.execute(ThrowableCollector.java:73) ~[junit-platform-engine-1.7.2.jar:1.7.2]
		at org.junit.jupiter.engine.descriptor.TestMethodTestDescriptor.invokeTestMethod(TestMethodTestDescriptor.java:206) ~[junit-jupiter-engine-5.7.2.jar:5.7.2]
		at org.junit.jupiter.engine.descriptor.TestMethodTestDescriptor.execute(TestMethodTestDescriptor.java:131) ~[junit-jupiter-engine-5.7.2.jar:5.7.2]
		at org.junit.jupiter.engine.descriptor.TestMethodTestDescriptor.execute(TestMethodTestDescriptor.java:65) ~[junit-jupiter-engine-5.7.2.jar:5.7.2]
		at org.junit.platform.engine.support.hierarchical.NodeTestTask.lambda$executeRecursively$5(NodeTestTask.java:139) ~[junit-platform-engine-1.7.2.jar:1.7.2]
		at org.junit.platform.engine.support.hierarchical.ThrowableCollector.execute(ThrowableCollector.java:73) ~[junit-platform-engine-1.7.2.jar:1.7.2]
		at org.junit.platform.engine.support.hierarchical.NodeTestTask.lambda$executeRecursively$7(NodeTestTask.java:129) ~[junit-platform-engine-1.7.2.jar:1.7.2]
		at org.junit.platform.engine.support.hierarchical.Node.around(Node.java:137) ~[junit-platform-engine-1.7.2.jar:1.7.2]
		at org.junit.platform.engine.support.hierarchical.NodeTestTask.lambda$executeRecursively$8(NodeTestTask.java:127) ~[junit-platform-engine-1.7.2.jar:1.7.2]
		at org.junit.platform.engine.support.hierarchical.ThrowableCollector.execute(ThrowableCollector.java:73) ~[junit-platform-engine-1.7.2.jar:1.7.2]
		at org.junit.platform.engine.support.hierarchical.NodeTestTask.executeRecursively(NodeTestTask.java:126) ~[junit-platform-engine-1.7.2.jar:1.7.2]
		at org.junit.platform.engine.support.hierarchical.NodeTestTask.execute(NodeTestTask.java:84) ~[junit-platform-engine-1.7.2.jar:1.7.2]
		at java.base/java.util.ArrayList.forEach(ArrayList.java:1541) ~[na:na]
		at org.junit.platform.engine.support.hierarchical.SameThreadHierarchicalTestExecutorService.invokeAll(SameThreadHierarchicalTestExecutorService.java:38) ~[junit-platform-engine-1.7.2.jar:1.7.2]
		at org.junit.platform.engine.support.hierarchical.NodeTestTask.lambda$executeRecursively$5(NodeTestTask.java:143) ~[junit-platform-engine-1.7.2.jar:1.7.2]
		at org.junit.platform.engine.support.hierarchical.ThrowableCollector.execute(ThrowableCollector.java:73) ~[junit-platform-engine-1.7.2.jar:1.7.2]
		at org.junit.platform.engine.support.hierarchical.NodeTestTask.lambda$executeRecursively$7(NodeTestTask.java:129) ~[junit-platform-engine-1.7.2.jar:1.7.2]
		at org.junit.platform.engine.support.hierarchical.Node.around(Node.java:137) ~[junit-platform-engine-1.7.2.jar:1.7.2]
		at org.junit.platform.engine.support.hierarchical.NodeTestTask.lambda$executeRecursively$8(NodeTestTask.java:127) ~[junit-platform-engine-1.7.2.jar:1.7.2]
		at org.junit.platform.engine.support.hierarchical.ThrowableCollector.execute(ThrowableCollector.java:73) ~[junit-platform-engine-1.7.2.jar:1.7.2]
		at org.junit.platform.engine.support.hierarchical.NodeTestTask.executeRecursively(NodeTestTask.java:126) ~[junit-platform-engine-1.7.2.jar:1.7.2]
		at org.junit.platform.engine.support.hierarchical.NodeTestTask.execute(NodeTestTask.java:84) ~[junit-platform-engine-1.7.2.jar:1.7.2]
		at java.base/java.util.ArrayList.forEach(ArrayList.java:1541) ~[na:na]
		at org.junit.platform.engine.support.hierarchical.SameThreadHierarchicalTestExecutorService.invokeAll(SameThreadHierarchicalTestExecutorService.java:38) ~[junit-platform-engine-1.7.2.jar:1.7.2]
		at org.junit.platform.engine.support.hierarchical.NodeTestTask.lambda$executeRecursively$5(NodeTestTask.java:143) ~[junit-platform-engine-1.7.2.jar:1.7.2]
		at org.junit.platform.engine.support.hierarchical.ThrowableCollector.execute(ThrowableCollector.java:73) ~[junit-platform-engine-1.7.2.jar:1.7.2]
		at org.junit.platform.engine.support.hierarchical.NodeTestTask.lambda$executeRecursively$7(NodeTestTask.java:129) ~[junit-platform-engine-1.7.2.jar:1.7.2]
		at org.junit.platform.engine.support.hierarchical.Node.around(Node.java:137) ~[junit-platform-engine-1.7.2.jar:1.7.2]
		at org.junit.platform.engine.support.hierarchical.NodeTestTask.lambda$executeRecursively$8(NodeTestTask.java:127) ~[junit-platform-engine-1.7.2.jar:1.7.2]
		at org.junit.platform.engine.support.hierarchical.ThrowableCollector.execute(ThrowableCollector.java:73) ~[junit-platform-engine-1.7.2.jar:1.7.2]
		at org.junit.platform.engine.support.hierarchical.NodeTestTask.executeRecursively(NodeTestTask.java:126) ~[junit-platform-engine-1.7.2.jar:1.7.2]
		at org.junit.platform.engine.support.hierarchical.NodeTestTask.execute(NodeTestTask.java:84) ~[junit-platform-engine-1.7.2.jar:1.7.2]
		at org.junit.platform.engine.support.hierarchical.SameThreadHierarchicalTestExecutorService.submit(SameThreadHierarchicalTestExecutorService.java:32) ~[junit-platform-engine-1.7.2.jar:1.7.2]
		at org.junit.platform.engine.support.hierarchical.HierarchicalTestExecutor.execute(HierarchicalTestExecutor.java:57) ~[junit-platform-engine-1.7.2.jar:1.7.2]
		at org.junit.platform.engine.support.hierarchical.HierarchicalTestEngine.execute(HierarchicalTestEngine.java:51) ~[junit-platform-engine-1.7.2.jar:1.7.2]
		at org.junit.platform.launcher.core.EngineExecutionOrchestrator.execute(EngineExecutionOrchestrator.java:108) ~[na:na]
		at org.junit.platform.launcher.core.EngineExecutionOrchestrator.execute(EngineExecutionOrchestrator.java:88) ~[na:na]
		at org.junit.platform.launcher.core.EngineExecutionOrchestrator.lambda$execute$0(EngineExecutionOrchestrator.java:54) ~[na:na]
		at org.junit.platform.launcher.core.EngineExecutionOrchestrator.withInterceptedStreams(EngineExecutionOrchestrator.java:67) ~[na:na]
		at org.junit.platform.launcher.core.EngineExecutionOrchestrator.execute(EngineExecutionOrchestrator.java:52) ~[na:na]
		at org.junit.platform.launcher.core.DefaultLauncher.execute(DefaultLauncher.java:96) ~[na:na]
		at org.junit.platform.launcher.core.DefaultLauncher.execute(DefaultLauncher.java:75) ~[na:na]
		at org.gradle.api.internal.tasks.testing.junitplatform.JUnitPlatformTestClassProcessor$CollectAllTestClassesExecutor.processAllTestClasses(JUnitPlatformTestClassProcessor.java:99) ~[na:na]
		at org.gradle.api.internal.tasks.testing.junitplatform.JUnitPlatformTestClassProcessor$CollectAllTestClassesExecutor.access$000(JUnitPlatformTestClassProcessor.java:79) ~[na:na]
		at org.gradle.api.internal.tasks.testing.junitplatform.JUnitPlatformTestClassProcessor.stop(JUnitPlatformTestClassProcessor.java:75) ~[na:na]
		at org.gradle.api.internal.tasks.testing.SuiteTestClassProcessor.stop(SuiteTestClassProcessor.java:61) ~[na:na]
		at java.base/jdk.internal.reflect.NativeMethodAccessorImpl.invoke0(Native Method) ~[na:na]
		at java.base/jdk.internal.reflect.NativeMethodAccessorImpl.invoke(NativeMethodAccessorImpl.java:62) ~[na:na]
		at java.base/jdk.internal.reflect.DelegatingMethodAccessorImpl.invoke(DelegatingMethodAccessorImpl.java:43) ~[na:na]
		at java.base/java.lang.reflect.Method.invoke(Method.java:566) ~[na:na]
		at org.gradle.internal.dispatch.ReflectionDispatch.dispatch(ReflectionDispatch.java:36) ~[na:na]
		at org.gradle.internal.dispatch.ReflectionDispatch.dispatch(ReflectionDispatch.java:24) ~[na:na]
		at org.gradle.internal.dispatch.ContextClassLoaderDispatch.dispatch(ContextClassLoaderDispatch.java:33) ~[na:na]
		at org.gradle.internal.dispatch.ProxyDispatchAdapter$DispatchingInvocationHandler.invoke(ProxyDispatchAdapter.java:94) ~[na:na]
		at com.sun.proxy.$Proxy5.stop(Unknown Source) ~[na:na]
		at org.gradle.api.internal.tasks.testing.worker.TestWorker.stop(TestWorker.java:135) ~[na:na]
		at java.base/jdk.internal.reflect.NativeMethodAccessorImpl.invoke0(Native Method) ~[na:na]
		at java.base/jdk.internal.reflect.NativeMethodAccessorImpl.invoke(NativeMethodAccessorImpl.java:62) ~[na:na]
		at java.base/jdk.internal.reflect.DelegatingMethodAccessorImpl.invoke(DelegatingMethodAccessorImpl.java:43) ~[na:na]
		at java.base/java.lang.reflect.Method.invoke(Method.java:566) ~[na:na]
		at org.gradle.internal.dispatch.ReflectionDispatch.dispatch(ReflectionDispatch.java:36) ~[na:na]
		at org.gradle.internal.dispatch.ReflectionDispatch.dispatch(ReflectionDispatch.java:24) ~[na:na]
		at org.gradle.internal.remote.internal.hub.MessageHubBackedObjectConnection$DispatchWrapper.dispatch(MessageHubBackedObjectConnection.java:182) ~[na:na]
		at org.gradle.internal.remote.internal.hub.MessageHubBackedObjectConnection$DispatchWrapper.dispatch(MessageHubBackedObjectConnection.java:164) ~[na:na]
		at org.gradle.internal.remote.internal.hub.MessageHub$Handler.run(MessageHub.java:414) ~[na:na]
		at org.gradle.internal.concurrent.ExecutorPolicy$CatchAndRecordFailures.onExecute(ExecutorPolicy.java:64) ~[na:na]
		at org.gradle.internal.concurrent.ManagedExecutorImpl$1.run(ManagedExecutorImpl.java:48) ~[na:na]
		at java.base/java.util.concurrent.ThreadPoolExecutor.runWorker(ThreadPoolExecutor.java:1128) ~[na:na]
		at java.base/java.util.concurrent.ThreadPoolExecutor$Worker.run(ThreadPoolExecutor.java:628) ~[na:na]
		at org.gradle.internal.concurrent.ThreadFactoryImpl$ManagedThreadRunnable.run(ThreadFactoryImpl.java:56) ~[na:na]
		at java.base/java.lang.Thread.run(Thread.java:834) ~[na:na]

</pre>
</span>
</div>
</div>
<div id="footer">
<p>
<div>
<label class="hidden" id="label-for-line-wrapping-toggle" for="line-wrapping-toggle">Wrap lines
<input id="line-wrapping-toggle" type="checkbox" autocomplete="off"/>
</label>
</div>Generated by 
<a href="http://www.gradle.org">Gradle 7.0.2</a> at 4 de jul de 2021 14:24:55</p>
</div>
</div>
</body>
</html>
